<?xml version="1.0" encoding="UTF-8"?>
<testsuite xmlns:xsi="http://www.w3.org/2001/XMLSchema-instance" xsi:schemaLocation="https://maven.apache.org/surefire/maven-surefire-plugin/xsd/surefire-test-report.xsd" name="TestSuite" time="11.975" tests="2" errors="0" skipped="0" failures="0">
  <properties>
[...]
</properties>
  <testcase name="amazonLoginPageVerification" classname="Amazon.Automations.AmazonLoginTest" time="10.974"/>
  <testcase name="testApp on testApp(Amazon.Automations.AppTest)" classname="Amazon.Automations.AppTest" time="11.362"/>
</testsuite>