<?xml version="1.0" encoding="UTF-8"?>
<testng-results ignored="0" total="1" passed="1" failed="0" skipped="0">
  <reporter-output>
  </reporter-output>
  <suite started-at="2020-05-05T19:54:03 IST" name="Surefire suite" finished-at="2020-05-05T19:54:14 IST" duration-ms="11002">
    <groups>
    </groups>
    <test started-at="2020-05-05T19:54:03 IST" name="Surefire test" finished-at="2020-05-05T19:54:14 IST" duration-ms="11002">
      <class name="Amazon.Automations.AmazonLoginTest">
        <test-method signature="amazonLoginPageVerification()[pri:0, instance:Amazon.Automations.AmazonLoginTest@7cbd213e]" started-at="2020-05-05T19:54:03 IST" name="amazonLoginPageVerification" finished-at="2020-05-05T19:54:14 IST" duration-ms="10973" status="PASS">
          <reporter-output>
          </reporter-output>
        </test-method> <!-- amazonLoginPageVerification -->
      </class> <!-- Amazon.Automations.AmazonLoginTest -->
    </test> <!-- Surefire test -->
  </suite> <!-- Surefire suite -->
</testng-results>
