<?xml version="1.0" encoding="UTF-8"?>
<testng-results ignored="0" total="1" passed="1" failed="0" skipped="0">
  <reporter-output>
  </reporter-output>
  <suite started-at="2020-05-05T14:50:48 IST" name="Default suite" finished-at="2020-05-05T14:50:58 IST" duration-ms="9402">
    <groups>
    </groups>
    <test started-at="2020-05-05T14:50:48 IST" name="Default test" finished-at="2020-05-05T14:50:58 IST" duration-ms="9402">
      <class name="Amazon.Automations.AmazonLoginTest">
        <test-method signature="amazonLoginPageVerification()[pri:0, instance:Amazon.Automations.AmazonLoginTest@73ee04c8]" started-at="2020-05-05T14:50:48 IST" name="amazonLoginPageVerification" finished-at="2020-05-05T14:50:58 IST" duration-ms="9365" status="PASS">
          <reporter-output>
          </reporter-output>
        </test-method> <!-- amazonLoginPageVerification -->
      </class> <!-- Amazon.Automations.AmazonLoginTest -->
    </test> <!-- Default test -->
  </suite> <!-- Default suite -->
</testng-results>
