<?xml version="1.0" encoding="UTF-8"?>
<testng-results ignored="0" total="1" passed="1" failed="0" skipped="0">
  <reporter-output>
  </reporter-output>
  <suite started-at="2020-05-05T19:54:15 IST" name="Surefire suite" finished-at="2020-05-05T19:54:15 IST" duration-ms="7">
    <groups>
    </groups>
    <test started-at="2020-05-05T19:54:15 IST" name="Surefire test" finished-at="2020-05-05T19:54:15 IST" duration-ms="7">
      <class name="Amazon.Automations.AppTest">
        <test-method signature="testApp()[pri:0, instance:testApp(Amazon.Automations.AppTest)]" started-at="2020-05-05T19:54:15 IST" name="testApp" finished-at="2020-05-05T19:54:15 IST" duration-ms="1" status="PASS">
          <reporter-output>
          </reporter-output>
        </test-method> <!-- testApp -->
      </class> <!-- Amazon.Automations.AppTest -->
    </test> <!-- Surefire test -->
  </suite> <!-- Surefire suite -->
</testng-results>
